lib_uvccamera/build/intermediates/manifest_merge_blame_file/release/manifest-merger-blame-release-report.txt
1<?xml version="1.0" encoding="utf-8"?>
2<manifest xmlns:android="http://schemas.android.com/apk/res/android"
3    package="com.lgh.uvccamera" >
4
5    <uses-sdk
6        android:minSdkVersion="21"
6-->src/main/AndroidManifest.xml
7        android:targetSdkVersion="31" />
7-->src/main/AndroidManifest.xml
8
9    <uses-permission android:name="android.permission.WRITE_EXTERNAL_STORAGE" />
9-->src/main/AndroidManifest.xml:4:5-81
9-->src/main/AndroidManifest.xml:4:22-78
10    <uses-permission android:name="android.permission.READ_EXTERNAL_STORAGE" />
10-->src/main/AndroidManifest.xml:5:5-80
10-->src/main/AndroidManifest.xml:5:22-77
11
12    <application
12-->src/main/AndroidManifest.xml:7:5-10:50
13        android:allowBackup="true"
13-->src/main/AndroidManifest.xml:8:9-35
14        android:label="@string/app_name"
14-->src/main/AndroidManifest.xml:9:9-41
15        android:supportsRtl="true" />
15-->src/main/AndroidManifest.xml:10:9-35
16
17</manifest>